CRITICAL - 2023-07-17 21:23:44 --> syntax error, unexpected variable "$routes"
in APPPATH\Config\Routes.php on line 14.
 1 SYSTEMPATH\CodeIgniter.php(800): CodeIgniter\Router\RouteCollection->loadRoutes()
 2 SYSTEMPATH\CodeIgniter.php(447): CodeIgniter\CodeIgniter->tryToRouteIt()
 3 SYSTEMPATH\CodeIgniter.php(366): CodeIgniter\CodeIgniter->handleRequest()
 4 FCPATH\index.php(67): CodeIgniter\CodeIgniter->run()
 5 SYSTEMPATH\Commands\Server\rewrite.php(47): require_once('D:\\Apps\\xampp\\htdocs\\site4\\public\\index.php')
CRITICAL - 2023-07-17 21:24:19 --> syntax error, unexpected variable "$routes"
in APPPATH\Config\Routes.php on line 14.
 1 SYSTEMPATH\CodeIgniter.php(800): CodeIgniter\Router\RouteCollection->loadRoutes()
 2 SYSTEMPATH\CodeIgniter.php(447): CodeIgniter\CodeIgniter->tryToRouteIt()
 3 SYSTEMPATH\CodeIgniter.php(366): CodeIgniter\CodeIgniter->handleRequest()
 4 FCPATH\index.php(67): CodeIgniter\CodeIgniter->run()
 5 SYSTEMPATH\Commands\Server\rewrite.php(47): require_once('D:\\Apps\\xampp\\htdocs\\site4\\public\\index.php')
CRITICAL - 2023-07-17 22:38:26 --> Undefined constant "CodeIgniter\Database\MySQLi\MYSQLI_STORE_RESULT"
in SYSTEMPATH\Database\Database.php on line 137.
 1 SYSTEMPATH\Database\Database.php(55): CodeIgniter\Database\Database->initDriver()
 2 SYSTEMPATH\Database\Config.php(82): CodeIgniter\Database\Database->load()
 3 SYSTEMPATH\Validation\StrictRules\Rules.php(193): CodeIgniter\Database\Config::connect()
 4 SYSTEMPATH\Validation\Validation.php(278): CodeIgniter\Validation\StrictRules\Rules->is_unique()
 5 SYSTEMPATH\Validation\Validation.php(182): CodeIgniter\Validation\Validation->processRules()
 6 SYSTEMPATH\Controller.php(140): CodeIgniter\Validation\Validation->run()
 7 APPPATH\Controllers\Auth.php(19): CodeIgniter\Controller->validate()
 8 SYSTEMPATH\CodeIgniter.php(932): App\Controllers\Auth->save()
 9 SYSTEMPATH\CodeIgniter.php(497): CodeIgniter\CodeIgniter->runController()
10 SYSTEMPATH\CodeIgniter.php(366): CodeIgniter\CodeIgniter->handleRequest()
11 FCPATH\index.php(67): CodeIgniter\CodeIgniter->run()
12 SYSTEMPATH\Commands\Server\rewrite.php(47): require_once('D:\\Apps\\xampp\\htdocs\\site4\\public\\index.php')
CRITICAL - 2023-07-17 22:38:58 --> Undefined constant "CodeIgniter\Database\MySQLi\MYSQLI_STORE_RESULT"
in SYSTEMPATH\Database\Database.php on line 137.
 1 SYSTEMPATH\Database\Database.php(55): CodeIgniter\Database\Database->initDriver()
 2 SYSTEMPATH\Database\Config.php(82): CodeIgniter\Database\Database->load()
 3 SYSTEMPATH\Validation\StrictRules\Rules.php(193): CodeIgniter\Database\Config::connect()
 4 SYSTEMPATH\Validation\Validation.php(278): CodeIgniter\Validation\StrictRules\Rules->is_unique()
 5 SYSTEMPATH\Validation\Validation.php(182): CodeIgniter\Validation\Validation->processRules()
 6 SYSTEMPATH\Controller.php(140): CodeIgniter\Validation\Validation->run()
 7 APPPATH\Controllers\Auth.php(19): CodeIgniter\Controller->validate()
 8 SYSTEMPATH\CodeIgniter.php(932): App\Controllers\Auth->save()
 9 SYSTEMPATH\CodeIgniter.php(497): CodeIgniter\CodeIgniter->runController()
10 SYSTEMPATH\CodeIgniter.php(366): CodeIgniter\CodeIgniter->handleRequest()
11 FCPATH\index.php(67): CodeIgniter\CodeIgniter->run()
12 SYSTEMPATH\Commands\Server\rewrite.php(47): require_once('D:\\Apps\\xampp\\htdocs\\site4\\public\\index.php')
CRITICAL - 2023-07-17 22:39:56 --> Undefined constant "CodeIgniter\Database\MySQLi\MYSQLI_STORE_RESULT"
in SYSTEMPATH\Database\Database.php on line 137.
 1 SYSTEMPATH\Database\Database.php(55): CodeIgniter\Database\Database->initDriver()
 2 SYSTEMPATH\Database\Config.php(82): CodeIgniter\Database\Database->load()
 3 SYSTEMPATH\Validation\StrictRules\Rules.php(193): CodeIgniter\Database\Config::connect()
 4 SYSTEMPATH\Validation\Validation.php(278): CodeIgniter\Validation\StrictRules\Rules->is_unique()
 5 SYSTEMPATH\Validation\Validation.php(182): CodeIgniter\Validation\Validation->processRules()
 6 SYSTEMPATH\Controller.php(140): CodeIgniter\Validation\Validation->run()
 7 APPPATH\Controllers\Auth.php(19): CodeIgniter\Controller->validate()
 8 SYSTEMPATH\CodeIgniter.php(932): App\Controllers\Auth->save()
 9 SYSTEMPATH\CodeIgniter.php(497): CodeIgniter\CodeIgniter->runController()
10 SYSTEMPATH\CodeIgniter.php(366): CodeIgniter\CodeIgniter->handleRequest()
11 FCPATH\index.php(67): CodeIgniter\CodeIgniter->run()
12 SYSTEMPATH\Commands\Server\rewrite.php(47): require_once('D:\\Apps\\xampp\\htdocs\\site4\\public\\index.php')
CRITICAL - 2023-07-17 22:40:48 --> Undefined constant "CodeIgniter\Database\MySQLi\MYSQLI_STORE_RESULT"
in SYSTEMPATH\Database\Database.php on line 137.
 1 SYSTEMPATH\Database\Database.php(55): CodeIgniter\Database\Database->initDriver()
 2 SYSTEMPATH\Database\Config.php(82): CodeIgniter\Database\Database->load()
 3 SYSTEMPATH\Validation\StrictRules\Rules.php(193): CodeIgniter\Database\Config::connect()
 4 SYSTEMPATH\Validation\Validation.php(278): CodeIgniter\Validation\StrictRules\Rules->is_unique()
 5 SYSTEMPATH\Validation\Validation.php(182): CodeIgniter\Validation\Validation->processRules()
 6 SYSTEMPATH\Controller.php(140): CodeIgniter\Validation\Validation->run()
 7 APPPATH\Controllers\Auth.php(19): CodeIgniter\Controller->validate()
 8 SYSTEMPATH\CodeIgniter.php(932): App\Controllers\Auth->save()
 9 SYSTEMPATH\CodeIgniter.php(497): CodeIgniter\CodeIgniter->runController()
10 SYSTEMPATH\CodeIgniter.php(366): CodeIgniter\CodeIgniter->handleRequest()
11 FCPATH\index.php(67): CodeIgniter\CodeIgniter->run()
12 SYSTEMPATH\Commands\Server\rewrite.php(47): require_once('D:\\Apps\\xampp\\htdocs\\site4\\public\\index.php')
CRITICAL - 2023-07-17 22:57:51 --> Undefined constant "CodeIgniter\Database\MySQLi\MYSQLI_STORE_RESULT"
in SYSTEMPATH\Database\Database.php on line 137.
 1 SYSTEMPATH\Database\Database.php(55): CodeIgniter\Database\Database->initDriver()
 2 SYSTEMPATH\Database\Config.php(82): CodeIgniter\Database\Database->load()
 3 SYSTEMPATH\Validation\StrictRules\Rules.php(193): CodeIgniter\Database\Config::connect()
 4 SYSTEMPATH\Validation\Validation.php(278): CodeIgniter\Validation\StrictRules\Rules->is_unique()
 5 SYSTEMPATH\Validation\Validation.php(182): CodeIgniter\Validation\Validation->processRules()
 6 SYSTEMPATH\Controller.php(140): CodeIgniter\Validation\Validation->run()
 7 APPPATH\Controllers\Auth.php(27): CodeIgniter\Controller->validate()
 8 SYSTEMPATH\CodeIgniter.php(932): App\Controllers\Auth->save()
 9 SYSTEMPATH\CodeIgniter.php(497): CodeIgniter\CodeIgniter->runController()
10 SYSTEMPATH\CodeIgniter.php(366): CodeIgniter\CodeIgniter->handleRequest()
11 FCPATH\index.php(67): CodeIgniter\CodeIgniter->run()
12 SYSTEMPATH\Commands\Server\rewrite.php(47): require_once('D:\\Apps\\xampp\\htdocs\\site4\\public\\index.php')
CRITICAL - 2023-07-17 22:59:50 --> Undefined constant "CodeIgniter\Database\MySQLi\MYSQLI_STORE_RESULT"
in SYSTEMPATH\Database\Database.php on line 137.
 1 SYSTEMPATH\Database\Database.php(55): CodeIgniter\Database\Database->initDriver()
 2 SYSTEMPATH\Database\Config.php(82): CodeIgniter\Database\Database->load()
 3 SYSTEMPATH\Validation\StrictRules\Rules.php(193): CodeIgniter\Database\Config::connect()
 4 SYSTEMPATH\Validation\Validation.php(278): CodeIgniter\Validation\StrictRules\Rules->is_unique()
 5 SYSTEMPATH\Validation\Validation.php(182): CodeIgniter\Validation\Validation->processRules()
 6 SYSTEMPATH\Controller.php(140): CodeIgniter\Validation\Validation->run()
 7 APPPATH\Controllers\Auth.php(27): CodeIgniter\Controller->validate()
 8 SYSTEMPATH\CodeIgniter.php(932): App\Controllers\Auth->save()
 9 SYSTEMPATH\CodeIgniter.php(497): CodeIgniter\CodeIgniter->runController()
10 SYSTEMPATH\CodeIgniter.php(366): CodeIgniter\CodeIgniter->handleRequest()
11 FCPATH\index.php(67): CodeIgniter\CodeIgniter->run()
12 SYSTEMPATH\Commands\Server\rewrite.php(47): require_once('D:\\Apps\\xampp\\htdocs\\site4\\public\\index.php')
CRITICAL - 2023-07-17 23:00:06 --> Undefined constant "CodeIgniter\Database\MySQLi\MYSQLI_STORE_RESULT"
in SYSTEMPATH\Database\Database.php on line 137.
 1 SYSTEMPATH\Database\Database.php(55): CodeIgniter\Database\Database->initDriver()
 2 SYSTEMPATH\Database\Config.php(82): CodeIgniter\Database\Database->load()
 3 SYSTEMPATH\Validation\StrictRules\Rules.php(193): CodeIgniter\Database\Config::connect()
 4 SYSTEMPATH\Validation\Validation.php(278): CodeIgniter\Validation\StrictRules\Rules->is_unique()
 5 SYSTEMPATH\Validation\Validation.php(182): CodeIgniter\Validation\Validation->processRules()
 6 SYSTEMPATH\Controller.php(140): CodeIgniter\Validation\Validation->run()
 7 APPPATH\Controllers\Auth.php(27): CodeIgniter\Controller->validate()
 8 SYSTEMPATH\CodeIgniter.php(932): App\Controllers\Auth->save()
 9 SYSTEMPATH\CodeIgniter.php(497): CodeIgniter\CodeIgniter->runController()
10 SYSTEMPATH\CodeIgniter.php(366): CodeIgniter\CodeIgniter->handleRequest()
11 FCPATH\index.php(67): CodeIgniter\CodeIgniter->run()
12 SYSTEMPATH\Commands\Server\rewrite.php(47): require_once('D:\\Apps\\xampp\\htdocs\\site4\\public\\index.php')
CRITICAL - 2023-07-17 23:11:15 --> Undefined constant "CodeIgniter\Database\MySQLi\MYSQLI_STORE_RESULT"
in SYSTEMPATH\Database\Database.php on line 137.
 1 SYSTEMPATH\Database\Database.php(55): CodeIgniter\Database\Database->initDriver()
 2 SYSTEMPATH\Database\Config.php(82): CodeIgniter\Database\Database->load()
 3 SYSTEMPATH\Validation\StrictRules\Rules.php(193): CodeIgniter\Database\Config::connect()
 4 SYSTEMPATH\Validation\Validation.php(278): CodeIgniter\Validation\StrictRules\Rules->is_unique()
 5 SYSTEMPATH\Validation\Validation.php(182): CodeIgniter\Validation\Validation->processRules()
 6 SYSTEMPATH\Controller.php(140): CodeIgniter\Validation\Validation->run()
 7 APPPATH\Controllers\Auth.php(27): CodeIgniter\Controller->validate()
 8 SYSTEMPATH\CodeIgniter.php(932): App\Controllers\Auth->save()
 9 SYSTEMPATH\CodeIgniter.php(497): CodeIgniter\CodeIgniter->runController()
10 SYSTEMPATH\CodeIgniter.php(366): CodeIgniter\CodeIgniter->handleRequest()
11 FCPATH\index.php(67): CodeIgniter\CodeIgniter->run()
12 SYSTEMPATH\Commands\Server\rewrite.php(47): require_once('D:\\Apps\\xampp\\htdocs\\site4\\public\\index.php')
CRITICAL - 2023-07-17 23:22:26 --> Undefined constant "CodeIgniter\Database\MySQLi\MYSQLI_STORE_RESULT"
in SYSTEMPATH\Database\Database.php on line 137.
 1 SYSTEMPATH\Database\Database.php(55): CodeIgniter\Database\Database->initDriver()
 2 SYSTEMPATH\Database\Config.php(82): CodeIgniter\Database\Database->load()
 3 SYSTEMPATH\Validation\StrictRules\Rules.php(193): CodeIgniter\Database\Config::connect()
 4 SYSTEMPATH\Validation\Validation.php(278): CodeIgniter\Validation\StrictRules\Rules->is_unique()
 5 SYSTEMPATH\Validation\Validation.php(182): CodeIgniter\Validation\Validation->processRules()
 6 SYSTEMPATH\Controller.php(140): CodeIgniter\Validation\Validation->run()
 7 APPPATH\Controllers\Auth.php(27): CodeIgniter\Controller->validate()
 8 SYSTEMPATH\CodeIgniter.php(932): App\Controllers\Auth->save()
 9 SYSTEMPATH\CodeIgniter.php(497): CodeIgniter\CodeIgniter->runController()
10 SYSTEMPATH\CodeIgniter.php(366): CodeIgniter\CodeIgniter->handleRequest()
11 FCPATH\index.php(67): CodeIgniter\CodeIgniter->run()
12 SYSTEMPATH\Commands\Server\rewrite.php(47): require_once('D:\\Apps\\xampp\\htdocs\\site4\\public\\index.php')
CRITICAL - 2023-07-17 23:23:16 --> Undefined constant "CodeIgniter\Database\MySQLi\MYSQLI_STORE_RESULT"
in SYSTEMPATH\Database\Database.php on line 137.
 1 SYSTEMPATH\Database\Database.php(55): CodeIgniter\Database\Database->initDriver()
 2 SYSTEMPATH\Database\Config.php(82): CodeIgniter\Database\Database->load()
 3 SYSTEMPATH\Validation\StrictRules\Rules.php(193): CodeIgniter\Database\Config::connect()
 4 SYSTEMPATH\Validation\Validation.php(278): CodeIgniter\Validation\StrictRules\Rules->is_unique()
 5 SYSTEMPATH\Validation\Validation.php(182): CodeIgniter\Validation\Validation->processRules()
 6 SYSTEMPATH\Controller.php(140): CodeIgniter\Validation\Validation->run()
 7 APPPATH\Controllers\Auth.php(27): CodeIgniter\Controller->validate()
 8 SYSTEMPATH\CodeIgniter.php(932): App\Controllers\Auth->save()
 9 SYSTEMPATH\CodeIgniter.php(497): CodeIgniter\CodeIgniter->runController()
10 SYSTEMPATH\CodeIgniter.php(366): CodeIgniter\CodeIgniter->handleRequest()
11 FCPATH\index.php(67): CodeIgniter\CodeIgniter->run()
12 SYSTEMPATH\Commands\Server\rewrite.php(47): require_once('D:\\Apps\\xampp\\htdocs\\site4\\public\\index.php')
CRITICAL - 2023-07-17 23:25:00 --> Undefined constant "CodeIgniter\Database\MySQLi\MYSQLI_STORE_RESULT"
in SYSTEMPATH\Database\Database.php on line 137.
 1 SYSTEMPATH\Database\Database.php(55): CodeIgniter\Database\Database->initDriver()
 2 SYSTEMPATH\Database\Config.php(82): CodeIgniter\Database\Database->load()
 3 SYSTEMPATH\Validation\StrictRules\Rules.php(193): CodeIgniter\Database\Config::connect()
 4 SYSTEMPATH\Validation\Validation.php(278): CodeIgniter\Validation\StrictRules\Rules->is_unique()
 5 SYSTEMPATH\Validation\Validation.php(182): CodeIgniter\Validation\Validation->processRules()
 6 SYSTEMPATH\Controller.php(140): CodeIgniter\Validation\Validation->run()
 7 APPPATH\Controllers\Auth.php(27): CodeIgniter\Controller->validate()
 8 SYSTEMPATH\CodeIgniter.php(932): App\Controllers\Auth->save()
 9 SYSTEMPATH\CodeIgniter.php(497): CodeIgniter\CodeIgniter->runController()
10 SYSTEMPATH\CodeIgniter.php(366): CodeIgniter\CodeIgniter->handleRequest()
11 FCPATH\index.php(67): CodeIgniter\CodeIgniter->run()
12 SYSTEMPATH\Commands\Server\rewrite.php(47): require_once('D:\\Apps\\xampp\\htdocs\\site4\\public\\index.php')
CRITICAL - 2023-07-17 23:28:52 --> Undefined constant "CodeIgniter\Database\MySQLi\MYSQLI_STORE_RESULT"
in SYSTEMPATH\Database\Database.php on line 137.
 1 SYSTEMPATH\Database\Database.php(55): CodeIgniter\Database\Database->initDriver()
 2 SYSTEMPATH\Database\Config.php(82): CodeIgniter\Database\Database->load()
 3 SYSTEMPATH\Validation\StrictRules\Rules.php(193): CodeIgniter\Database\Config::connect()
 4 SYSTEMPATH\Validation\Validation.php(278): CodeIgniter\Validation\StrictRules\Rules->is_unique()
 5 SYSTEMPATH\Validation\Validation.php(182): CodeIgniter\Validation\Validation->processRules()
 6 SYSTEMPATH\Controller.php(140): CodeIgniter\Validation\Validation->run()
 7 APPPATH\Controllers\Auth.php(27): CodeIgniter\Controller->validate()
 8 SYSTEMPATH\CodeIgniter.php(932): App\Controllers\Auth->save()
 9 SYSTEMPATH\CodeIgniter.php(497): CodeIgniter\CodeIgniter->runController()
10 SYSTEMPATH\CodeIgniter.php(366): CodeIgniter\CodeIgniter->handleRequest()
11 FCPATH\index.php(67): CodeIgniter\CodeIgniter->run()
12 SYSTEMPATH\Commands\Server\rewrite.php(47): require_once('D:\\Apps\\xampp\\htdocs\\site4\\public\\index.php')
CRITICAL - 2023-07-17 23:29:59 --> Class "CodeIgniter\Database\MySQLi\Connection" not found
in SYSTEMPATH\Database\Database.php on line 137.
 1 SYSTEMPATH\Database\Database.php(55): CodeIgniter\Database\Database->initDriver()
 2 SYSTEMPATH\Database\Config.php(82): CodeIgniter\Database\Database->load()
 3 SYSTEMPATH\Validation\StrictRules\Rules.php(193): CodeIgniter\Database\Config::connect()
 4 SYSTEMPATH\Validation\Validation.php(278): CodeIgniter\Validation\StrictRules\Rules->is_unique()
 5 SYSTEMPATH\Validation\Validation.php(182): CodeIgniter\Validation\Validation->processRules()
 6 SYSTEMPATH\Controller.php(140): CodeIgniter\Validation\Validation->run()
 7 APPPATH\Controllers\Auth.php(27): CodeIgniter\Controller->validate()
 8 SYSTEMPATH\CodeIgniter.php(932): App\Controllers\Auth->save()
 9 SYSTEMPATH\CodeIgniter.php(497): CodeIgniter\CodeIgniter->runController()
10 SYSTEMPATH\CodeIgniter.php(366): CodeIgniter\CodeIgniter->handleRequest()
11 FCPATH\index.php(67): CodeIgniter\CodeIgniter->run()
12 SYSTEMPATH\Commands\Server\rewrite.php(47): require_once('D:\\Apps\\xampp\\htdocs\\site4\\public\\index.php')
CRITICAL - 2023-07-17 23:30:03 --> Class "CodeIgniter\Database\MySQLi\Connection" not found
in SYSTEMPATH\Database\Database.php on line 137.
 1 SYSTEMPATH\Database\Database.php(55): CodeIgniter\Database\Database->initDriver()
 2 SYSTEMPATH\Database\Config.php(82): CodeIgniter\Database\Database->load()
 3 SYSTEMPATH\Validation\StrictRules\Rules.php(193): CodeIgniter\Database\Config::connect()
 4 SYSTEMPATH\Validation\Validation.php(278): CodeIgniter\Validation\StrictRules\Rules->is_unique()
 5 SYSTEMPATH\Validation\Validation.php(182): CodeIgniter\Validation\Validation->processRules()
 6 SYSTEMPATH\Controller.php(140): CodeIgniter\Validation\Validation->run()
 7 APPPATH\Controllers\Auth.php(27): CodeIgniter\Controller->validate()
 8 SYSTEMPATH\CodeIgniter.php(932): App\Controllers\Auth->save()
 9 SYSTEMPATH\CodeIgniter.php(497): CodeIgniter\CodeIgniter->runController()
10 SYSTEMPATH\CodeIgniter.php(366): CodeIgniter\CodeIgniter->handleRequest()
11 FCPATH\index.php(67): CodeIgniter\CodeIgniter->run()
12 SYSTEMPATH\Commands\Server\rewrite.php(47): require_once('D:\\Apps\\xampp\\htdocs\\site4\\public\\index.php')
CRITICAL - 2023-07-17 23:30:15 --> Class "CodeIgniter\Database\MySQLi\Connection" not found
in SYSTEMPATH\Database\Database.php on line 137.
 1 SYSTEMPATH\Database\Database.php(55): CodeIgniter\Database\Database->initDriver()
 2 SYSTEMPATH\Database\Config.php(82): CodeIgniter\Database\Database->load()
 3 SYSTEMPATH\Validation\StrictRules\Rules.php(193): CodeIgniter\Database\Config::connect()
 4 SYSTEMPATH\Validation\Validation.php(278): CodeIgniter\Validation\StrictRules\Rules->is_unique()
 5 SYSTEMPATH\Validation\Validation.php(182): CodeIgniter\Validation\Validation->processRules()
 6 SYSTEMPATH\Controller.php(140): CodeIgniter\Validation\Validation->run()
 7 APPPATH\Controllers\Auth.php(27): CodeIgniter\Controller->validate()
 8 SYSTEMPATH\CodeIgniter.php(932): App\Controllers\Auth->save()
 9 SYSTEMPATH\CodeIgniter.php(497): CodeIgniter\CodeIgniter->runController()
10 SYSTEMPATH\CodeIgniter.php(366): CodeIgniter\CodeIgniter->handleRequest()
11 FCPATH\index.php(67): CodeIgniter\CodeIgniter->run()
12 SYSTEMPATH\Commands\Server\rewrite.php(47): require_once('D:\\Apps\\xampp\\htdocs\\site4\\public\\index.php')
CRITICAL - 2023-07-17 23:31:51 --> Undefined constant "CodeIgniter\Database\MySQLi\MYSQLI_STORE_RESULT"
in SYSTEMPATH\Database\Database.php on line 137.
 1 SYSTEMPATH\Database\Database.php(55): CodeIgniter\Database\Database->initDriver()
 2 SYSTEMPATH\Database\Config.php(82): CodeIgniter\Database\Database->load()
 3 SYSTEMPATH\Validation\StrictRules\Rules.php(193): CodeIgniter\Database\Config::connect()
 4 SYSTEMPATH\Validation\Validation.php(278): CodeIgniter\Validation\StrictRules\Rules->is_unique()
 5 SYSTEMPATH\Validation\Validation.php(182): CodeIgniter\Validation\Validation->processRules()
 6 SYSTEMPATH\Controller.php(140): CodeIgniter\Validation\Validation->run()
 7 APPPATH\Controllers\Auth.php(27): CodeIgniter\Controller->validate()
 8 SYSTEMPATH\CodeIgniter.php(932): App\Controllers\Auth->save()
 9 SYSTEMPATH\CodeIgniter.php(497): CodeIgniter\CodeIgniter->runController()
10 SYSTEMPATH\CodeIgniter.php(366): CodeIgniter\CodeIgniter->handleRequest()
11 FCPATH\index.php(67): CodeIgniter\CodeIgniter->run()
12 SYSTEMPATH\Commands\Server\rewrite.php(47): require_once('D:\\Apps\\xampp\\htdocs\\site4\\public\\index.php')
ERROR - 2023-07-17 23:33:05 --> Error connecting to the database: Error: Call to undefined function CodeIgniter\Database\MySQLi\mysqli_init() in D:\Apps\xampp\htdocs\site4\system\Database\MySQLi\Connection.php:96
Stack trace:
#0 D:\Apps\xampp\htdocs\site4\system\Database\BaseConnection.php(391): CodeIgniter\Database\MySQLi\Connection->connect()
#1 D:\Apps\xampp\htdocs\site4\system\Database\BaseConnection.php(574): CodeIgniter\Database\BaseConnection->initialize()
#2 D:\Apps\xampp\htdocs\site4\system\Database\BaseBuilder.php(1616): CodeIgniter\Database\BaseConnection->query()
#3 D:\Apps\xampp\htdocs\site4\system\Validation\StrictRules\Rules.php(206): CodeIgniter\Database\BaseBuilder->get()
#4 D:\Apps\xampp\htdocs\site4\system\Validation\Validation.php(278): CodeIgniter\Validation\StrictRules\Rules->is_unique()
#5 D:\Apps\xampp\htdocs\site4\system\Validation\Validation.php(182): CodeIgniter\Validation\Validation->processRules()
#6 D:\Apps\xampp\htdocs\site4\system\Controller.php(140): CodeIgniter\Validation\Validation->run()
#7 D:\Apps\xampp\htdocs\site4\app\Controllers\Auth.php(27): CodeIgniter\Controller->validate()
#8 D:\Apps\xampp\htdocs\site4\system\CodeIgniter.php(932): App\Controllers\Auth->save()
#9 D:\Apps\xampp\htdocs\site4\system\CodeIgniter.php(497): CodeIgniter\CodeIgniter->runController()
#10 D:\Apps\xampp\htdocs\site4\system\CodeIgniter.php(366): CodeIgniter\CodeIgniter->handleRequest()
#11 D:\Apps\xampp\htdocs\site4\public\index.php(67): CodeIgniter\CodeIgniter->run()
#12 D:\Apps\xampp\htdocs\site4\system\Commands\Server\rewrite.php(47): require_once('...')
#13 {main}
CRITICAL - 2023-07-17 23:33:05 --> Unable to connect to the database.
Main connection [MySQLi]: Call to undefined function CodeIgniter\Database\MySQLi\mysqli_init()
in SYSTEMPATH\Database\BaseConnection.php on line 427.
 1 SYSTEMPATH\Database\BaseConnection.php(574): CodeIgniter\Database\BaseConnection->initialize()
 2 SYSTEMPATH\Database\BaseBuilder.php(1616): CodeIgniter\Database\BaseConnection->query()
 3 SYSTEMPATH\Validation\StrictRules\Rules.php(206): CodeIgniter\Database\BaseBuilder->get()
 4 SYSTEMPATH\Validation\Validation.php(278): CodeIgniter\Validation\StrictRules\Rules->is_unique()
 5 SYSTEMPATH\Validation\Validation.php(182): CodeIgniter\Validation\Validation->processRules()
 6 SYSTEMPATH\Controller.php(140): CodeIgniter\Validation\Validation->run()
 7 APPPATH\Controllers\Auth.php(27): CodeIgniter\Controller->validate()
 8 SYSTEMPATH\CodeIgniter.php(932): App\Controllers\Auth->save()
 9 SYSTEMPATH\CodeIgniter.php(497): CodeIgniter\CodeIgniter->runController()
10 SYSTEMPATH\CodeIgniter.php(366): CodeIgniter\CodeIgniter->handleRequest()
11 FCPATH\index.php(67): CodeIgniter\CodeIgniter->run()
12 SYSTEMPATH\Commands\Server\rewrite.php(47): require_once('D:\\Apps\\xampp\\htdocs\\site4\\public\\index.php')
CRITICAL - 2023-07-17 23:33:32 --> Undefined constant "CodeIgniter\Database\MySQLi\MYSQLI_STORE_RESULT"
in SYSTEMPATH\Database\Database.php on line 137.
 1 SYSTEMPATH\Database\Database.php(55): CodeIgniter\Database\Database->initDriver()
 2 SYSTEMPATH\Database\Config.php(82): CodeIgniter\Database\Database->load()
 3 SYSTEMPATH\Validation\StrictRules\Rules.php(193): CodeIgniter\Database\Config::connect()
 4 SYSTEMPATH\Validation\Validation.php(278): CodeIgniter\Validation\StrictRules\Rules->is_unique()
 5 SYSTEMPATH\Validation\Validation.php(182): CodeIgniter\Validation\Validation->processRules()
 6 SYSTEMPATH\Controller.php(140): CodeIgniter\Validation\Validation->run()
 7 APPPATH\Controllers\Auth.php(27): CodeIgniter\Controller->validate()
 8 SYSTEMPATH\CodeIgniter.php(932): App\Controllers\Auth->save()
 9 SYSTEMPATH\CodeIgniter.php(497): CodeIgniter\CodeIgniter->runController()
10 SYSTEMPATH\CodeIgniter.php(366): CodeIgniter\CodeIgniter->handleRequest()
11 FCPATH\index.php(67): CodeIgniter\CodeIgniter->run()
12 SYSTEMPATH\Commands\Server\rewrite.php(47): require_once('D:\\Apps\\xampp\\htdocs\\site4\\public\\index.php')
ERROR - 2023-07-17 23:35:34 --> Error connecting to the database: Error: Call to undefined function CodeIgniter\Database\MySQLi\mysqli_init() in D:\Apps\xampp\htdocs\site4\system\Database\MySQLi\Connection.php:96
Stack trace:
#0 D:\Apps\xampp\htdocs\site4\system\Database\BaseConnection.php(391): CodeIgniter\Database\MySQLi\Connection->connect()
#1 D:\Apps\xampp\htdocs\site4\system\Database\BaseConnection.php(574): CodeIgniter\Database\BaseConnection->initialize()
#2 D:\Apps\xampp\htdocs\site4\system\Database\BaseBuilder.php(1616): CodeIgniter\Database\BaseConnection->query()
#3 D:\Apps\xampp\htdocs\site4\system\Validation\StrictRules\Rules.php(206): CodeIgniter\Database\BaseBuilder->get()
#4 D:\Apps\xampp\htdocs\site4\system\Validation\Validation.php(278): CodeIgniter\Validation\StrictRules\Rules->is_unique()
#5 D:\Apps\xampp\htdocs\site4\system\Validation\Validation.php(182): CodeIgniter\Validation\Validation->processRules()
#6 D:\Apps\xampp\htdocs\site4\system\Controller.php(140): CodeIgniter\Validation\Validation->run()
#7 D:\Apps\xampp\htdocs\site4\app\Controllers\Auth.php(27): CodeIgniter\Controller->validate()
#8 D:\Apps\xampp\htdocs\site4\system\CodeIgniter.php(932): App\Controllers\Auth->save()
#9 D:\Apps\xampp\htdocs\site4\system\CodeIgniter.php(497): CodeIgniter\CodeIgniter->runController()
#10 D:\Apps\xampp\htdocs\site4\system\CodeIgniter.php(366): CodeIgniter\CodeIgniter->handleRequest()
#11 D:\Apps\xampp\htdocs\site4\public\index.php(67): CodeIgniter\CodeIgniter->run()
#12 D:\Apps\xampp\htdocs\site4\system\Commands\Server\rewrite.php(47): require_once('...')
#13 {main}
CRITICAL - 2023-07-17 23:35:34 --> Unable to connect to the database.
Main connection [MySQLi]: Call to undefined function CodeIgniter\Database\MySQLi\mysqli_init()
in SYSTEMPATH\Database\BaseConnection.php on line 427.
 1 SYSTEMPATH\Database\BaseConnection.php(574): CodeIgniter\Database\BaseConnection->initialize()
 2 SYSTEMPATH\Database\BaseBuilder.php(1616): CodeIgniter\Database\BaseConnection->query()
 3 SYSTEMPATH\Validation\StrictRules\Rules.php(206): CodeIgniter\Database\BaseBuilder->get()
 4 SYSTEMPATH\Validation\Validation.php(278): CodeIgniter\Validation\StrictRules\Rules->is_unique()
 5 SYSTEMPATH\Validation\Validation.php(182): CodeIgniter\Validation\Validation->processRules()
 6 SYSTEMPATH\Controller.php(140): CodeIgniter\Validation\Validation->run()
 7 APPPATH\Controllers\Auth.php(27): CodeIgniter\Controller->validate()
 8 SYSTEMPATH\CodeIgniter.php(932): App\Controllers\Auth->save()
 9 SYSTEMPATH\CodeIgniter.php(497): CodeIgniter\CodeIgniter->runController()
10 SYSTEMPATH\CodeIgniter.php(366): CodeIgniter\CodeIgniter->handleRequest()
11 FCPATH\index.php(67): CodeIgniter\CodeIgniter->run()
12 SYSTEMPATH\Commands\Server\rewrite.php(47): require_once('D:\\Apps\\xampp\\htdocs\\site4\\public\\index.php')
INFO - 2023-07-17 23:41:17 --> Session: Class initialized using 'CodeIgniter\Session\Handlers\FileHandler' driver.
