INFO - 2023-07-31 04:13:14 --> Session: Class initialized using 'CodeIgniter\Session\Handlers\FileHandler' driver.
WARNING - 2023-07-31 04:13:14 --> [DEPRECATED] Creation of dynamic property App\Controllers\Auth::$email is deprecated in APPPATH\Controllers\Auth.php on line 16.
 1 SYSTEMPATH\CodeIgniter.php(904): App\Controllers\Auth->__construct()
 2 SYSTEMPATH\CodeIgniter.php(488): CodeIgniter\CodeIgniter->createController()
 3 SYSTEMPATH\CodeIgniter.php(366): CodeIgniter\CodeIgniter->handleRequest(null, Object(Config\Cache), false)
 4 FCPATH\index.php(67): CodeIgniter\CodeIgniter->run()
 5 SYSTEMPATH\Commands\Server\rewrite.php(47): require_once('D:\\Apps\\xampp\\htdocs\\site5\\public\\index.php')
INFO - 2023-07-31 04:13:18 --> Session: Class initialized using 'CodeIgniter\Session\Handlers\FileHandler' driver.
WARNING - 2023-07-31 04:13:18 --> [DEPRECATED] Creation of dynamic property App\Controllers\Auth::$email is deprecated in APPPATH\Controllers\Auth.php on line 16.
 1 SYSTEMPATH\CodeIgniter.php(904): App\Controllers\Auth->__construct()
 2 SYSTEMPATH\CodeIgniter.php(488): CodeIgniter\CodeIgniter->createController()
 3 SYSTEMPATH\CodeIgniter.php(366): CodeIgniter\CodeIgniter->handleRequest(null, Object(Config\Cache), false)
 4 FCPATH\index.php(67): CodeIgniter\CodeIgniter->run()
 5 SYSTEMPATH\Commands\Server\rewrite.php(47): require_once('D:\\Apps\\xampp\\htdocs\\site5\\public\\index.php')
WARNING - 2023-07-31 04:13:39 --> [DEPRECATED] Creation of dynamic property App\Controllers\Auth::$email is deprecated in APPPATH\Controllers\Auth.php on line 16.
 1 SYSTEMPATH\CodeIgniter.php(904): App\Controllers\Auth->__construct()
 2 SYSTEMPATH\CodeIgniter.php(488): CodeIgniter\CodeIgniter->createController()
 3 SYSTEMPATH\CodeIgniter.php(366): CodeIgniter\CodeIgniter->handleRequest(null, Object(Config\Cache), false)
 4 FCPATH\index.php(67): CodeIgniter\CodeIgniter->run()
 5 SYSTEMPATH\Commands\Server\rewrite.php(47): require_once('D:\\Apps\\xampp\\htdocs\\site5\\public\\index.php')
INFO - 2023-07-31 04:13:44 --> Session: Class initialized using 'CodeIgniter\Session\Handlers\FileHandler' driver.
INFO - 2023-07-31 04:13:44 --> Session: Class initialized using 'CodeIgniter\Session\Handlers\FileHandler' driver.
WARNING - 2023-07-31 04:13:44 --> [DEPRECATED] Creation of dynamic property App\Controllers\Auth::$email is deprecated in APPPATH\Controllers\Auth.php on line 16.
 1 SYSTEMPATH\CodeIgniter.php(904): App\Controllers\Auth->__construct()
 2 SYSTEMPATH\CodeIgniter.php(488): CodeIgniter\CodeIgniter->createController()
 3 SYSTEMPATH\CodeIgniter.php(366): CodeIgniter\CodeIgniter->handleRequest(null, Object(Config\Cache), false)
 4 FCPATH\index.php(67): CodeIgniter\CodeIgniter->run()
 5 SYSTEMPATH\Commands\Server\rewrite.php(47): require_once('D:\\Apps\\xampp\\htdocs\\site5\\public\\index.php')
WARNING - 2023-07-31 04:15:12 --> [DEPRECATED] Creation of dynamic property App\Controllers\Auth::$email is deprecated in APPPATH\Controllers\Auth.php on line 16.
 1 SYSTEMPATH\CodeIgniter.php(904): App\Controllers\Auth->__construct()
 2 SYSTEMPATH\CodeIgniter.php(488): CodeIgniter\CodeIgniter->createController()
 3 SYSTEMPATH\CodeIgniter.php(366): CodeIgniter\CodeIgniter->handleRequest(null, Object(Config\Cache), false)
 4 FCPATH\index.php(67): CodeIgniter\CodeIgniter->run()
 5 SYSTEMPATH\Commands\Server\rewrite.php(47): require_once('D:\\Apps\\xampp\\htdocs\\site5\\public\\index.php')
WARNING - 2023-07-31 04:16:24 --> [DEPRECATED] Creation of dynamic property App\Controllers\Auth::$email is deprecated in APPPATH\Controllers\Auth.php on line 16.
 1 SYSTEMPATH\CodeIgniter.php(904): App\Controllers\Auth->__construct()
 2 SYSTEMPATH\CodeIgniter.php(488): CodeIgniter\CodeIgniter->createController()
 3 SYSTEMPATH\CodeIgniter.php(366): CodeIgniter\CodeIgniter->handleRequest(null, Object(Config\Cache), false)
 4 FCPATH\index.php(67): CodeIgniter\CodeIgniter->run()
 5 SYSTEMPATH\Commands\Server\rewrite.php(47): require_once('D:\\Apps\\xampp\\htdocs\\site5\\public\\index.php')
INFO - 2023-07-31 04:16:24 --> Session: Class initialized using 'CodeIgniter\Session\Handlers\FileHandler' driver.
INFO - 2023-07-31 04:16:24 --> Session: Class initialized using 'CodeIgniter\Session\Handlers\FileHandler' driver.
INFO - 2023-07-31 04:16:40 --> Session: Class initialized using 'CodeIgniter\Session\Handlers\FileHandler' driver.
INFO - 2023-07-31 04:16:40 --> Session: Class initialized using 'CodeIgniter\Session\Handlers\FileHandler' driver.
WARNING - 2023-07-31 04:16:45 --> [DEPRECATED] Creation of dynamic property App\Controllers\Auth::$email is deprecated in APPPATH\Controllers\Auth.php on line 16.
 1 SYSTEMPATH\CodeIgniter.php(904): App\Controllers\Auth->__construct()
 2 SYSTEMPATH\CodeIgniter.php(488): CodeIgniter\CodeIgniter->createController()
 3 SYSTEMPATH\CodeIgniter.php(366): CodeIgniter\CodeIgniter->handleRequest(null, Object(Config\Cache), false)
 4 FCPATH\index.php(67): CodeIgniter\CodeIgniter->run()
 5 SYSTEMPATH\Commands\Server\rewrite.php(47): require_once('D:\\Apps\\xampp\\htdocs\\site5\\public\\index.php')
INFO - 2023-07-31 04:16:45 --> Session: Class initialized using 'CodeIgniter\Session\Handlers\FileHandler' driver.
INFO - 2023-07-31 04:16:46 --> Session: Class initialized using 'CodeIgniter\Session\Handlers\FileHandler' driver.
WARNING - 2023-07-31 04:16:46 --> [DEPRECATED] Creation of dynamic property App\Controllers\Auth::$email is deprecated in APPPATH\Controllers\Auth.php on line 16.
 1 SYSTEMPATH\CodeIgniter.php(904): App\Controllers\Auth->__construct()
 2 SYSTEMPATH\CodeIgniter.php(488): CodeIgniter\CodeIgniter->createController()
 3 SYSTEMPATH\CodeIgniter.php(366): CodeIgniter\CodeIgniter->handleRequest(null, Object(Config\Cache), false)
 4 FCPATH\index.php(67): CodeIgniter\CodeIgniter->run()
 5 SYSTEMPATH\Commands\Server\rewrite.php(47): require_once('D:\\Apps\\xampp\\htdocs\\site5\\public\\index.php')
INFO - 2023-07-31 04:16:56 --> Session: Class initialized using 'CodeIgniter\Session\Handlers\FileHandler' driver.
INFO - 2023-07-31 04:16:56 --> Session: Class initialized using 'CodeIgniter\Session\Handlers\FileHandler' driver.
WARNING - 2023-07-31 04:16:56 --> [DEPRECATED] Creation of dynamic property App\Controllers\Auth::$email is deprecated in APPPATH\Controllers\Auth.php on line 16.
 1 SYSTEMPATH\CodeIgniter.php(904): App\Controllers\Auth->__construct()
 2 SYSTEMPATH\CodeIgniter.php(488): CodeIgniter\CodeIgniter->createController()
 3 SYSTEMPATH\CodeIgniter.php(366): CodeIgniter\CodeIgniter->handleRequest(null, Object(Config\Cache), false)
 4 FCPATH\index.php(67): CodeIgniter\CodeIgniter->run()
 5 SYSTEMPATH\Commands\Server\rewrite.php(47): require_once('D:\\Apps\\xampp\\htdocs\\site5\\public\\index.php')
INFO - 2023-07-31 04:17:01 --> Session: Class initialized using 'CodeIgniter\Session\Handlers\FileHandler' driver.
WARNING - 2023-07-31 04:17:01 --> [DEPRECATED] Creation of dynamic property App\Controllers\Auth::$email is deprecated in APPPATH\Controllers\Auth.php on line 16.
 1 SYSTEMPATH\CodeIgniter.php(904): App\Controllers\Auth->__construct()
 2 SYSTEMPATH\CodeIgniter.php(488): CodeIgniter\CodeIgniter->createController()
 3 SYSTEMPATH\CodeIgniter.php(366): CodeIgniter\CodeIgniter->handleRequest(null, Object(Config\Cache), false)
 4 FCPATH\index.php(67): CodeIgniter\CodeIgniter->run()
 5 SYSTEMPATH\Commands\Server\rewrite.php(47): require_once('D:\\Apps\\xampp\\htdocs\\site5\\public\\index.php')
INFO - 2023-07-31 04:19:15 --> Session: Class initialized using 'CodeIgniter\Session\Handlers\FileHandler' driver.
WARNING - 2023-07-31 04:19:15 --> [DEPRECATED] Creation of dynamic property App\Controllers\Auth::$email is deprecated in APPPATH\Controllers\Auth.php on line 16.
 1 SYSTEMPATH\CodeIgniter.php(904): App\Controllers\Auth->__construct()
 2 SYSTEMPATH\CodeIgniter.php(488): CodeIgniter\CodeIgniter->createController()
 3 SYSTEMPATH\CodeIgniter.php(366): CodeIgniter\CodeIgniter->handleRequest(null, Object(Config\Cache), false)
 4 FCPATH\index.php(67): CodeIgniter\CodeIgniter->run()
 5 SYSTEMPATH\Commands\Server\rewrite.php(47): require_once('D:\\Apps\\xampp\\htdocs\\site5\\public\\index.php')
INFO - 2023-07-31 04:19:15 --> Session: Class initialized using 'CodeIgniter\Session\Handlers\FileHandler' driver.
WARNING - 2023-07-31 04:19:15 --> [DEPRECATED] Creation of dynamic property App\Controllers\Auth::$email is deprecated in APPPATH\Controllers\Auth.php on line 16.
 1 SYSTEMPATH\CodeIgniter.php(904): App\Controllers\Auth->__construct()
 2 SYSTEMPATH\CodeIgniter.php(488): CodeIgniter\CodeIgniter->createController()
 3 SYSTEMPATH\CodeIgniter.php(366): CodeIgniter\CodeIgniter->handleRequest(null, Object(Config\Cache), false)
 4 FCPATH\index.php(67): CodeIgniter\CodeIgniter->run()
 5 SYSTEMPATH\Commands\Server\rewrite.php(47): require_once('D:\\Apps\\xampp\\htdocs\\site5\\public\\index.php')
